{"ts": "2026-04-23T10:52:28.124040+00:00", "kind": "api_error", "msg": "some other error", "label": "broken", "fn": "broken"}
{"ts": "2026-04-24T03:07:46.952939+00:00", "kind": "api_error", "msg": "some other error", "label": "broken", "fn": "broken"}
{"ts": "2026-04-24T11:28:56.950902+00:00", "kind": "api_error", "msg": "some other error", "label": "broken", "fn": "broken"}
{"ts": "2026-04-24T14:26:40.942106+00:00", "kind": "no_forecast", "msg": "unknown", "location": "NYC", "date": "2027-02-13", "metric": "high", "signal": "no_data"}
{"ts": "2026-04-24T18:37:46.244892+00:00", "kind": "no_forecast", "msg": "unknown", "location": "NYC", "date": "2027-02-13", "metric": "high", "signal": "no_data"}
{"ts": "2026-04-24T22:37:35.158076+00:00", "kind": "no_forecast", "msg": "unknown", "location": "NYC", "date": "2027-02-13", "metric": "high", "signal": "no_data"}
{"ts": "2026-04-24T22:37:36.213412+00:00", "kind": "no_forecast", "msg": "unknown", "location": "Chicago", "date": "2027-03-25", "metric": "high", "signal": "no_data"}
{"ts": "2026-04-24T22:37:54.175294+00:00", "kind": "no_forecast", "msg": "unknown", "location": "NYC", "date": "2027-04-06", "metric": "high", "signal": "no_data"}
{"ts": "2026-04-25T01:18:19.076951+00:00", "kind": "api_error", "msg": "some other error", "label": "broken", "fn": "broken"}
{"ts": "2026-04-25T01:55:26.949261+00:00", "kind": "api_error", "msg": "some other error", "label": "broken", "fn": "broken"}
{"ts": "2026-04-25T02:32:26.418756+00:00", "kind": "no_forecast", "msg": "unknown", "location": "NYC", "date": "2027-02-13", "metric": "high", "signal": "no_data"}
{"ts": "2026-04-25T02:32:27.584302+00:00", "kind": "no_forecast", "msg": "unknown", "location": "Chicago", "date": "2027-03-25", "metric": "high", "signal": "no_data"}
{"ts": "2026-04-25T02:32:28.615090+00:00", "kind": "no_forecast", "msg": "unknown", "location": "Denver", "date": "2027-04-18", "metric": "high", "signal": "no_data"}
{"ts": "2026-04-25T02:32:29.634104+00:00", "kind": "no_forecast", "msg": "unknown", "location": "NYC", "date": "2027-04-06", "metric": "high", "signal": "no_data"}
{"ts": "2026-04-25T02:33:07.536726+00:00", "kind": "no_forecast", "msg": "unknown", "location": "NYC", "date": "2027-02-13", "metric": "high", "signal": "no_data"}
{"ts": "2026-04-25T02:33:08.575748+00:00", "kind": "no_forecast", "msg": "unknown", "location": "Chicago", "date": "2027-03-25", "metric": "high", "signal": "no_data"}
{"ts": "2026-04-25T02:33:22.919844+00:00", "kind": "no_forecast", "msg": "unknown", "location": "Denver", "date": "2027-04-18", "metric": "high", "signal": "no_data"}
{"ts": "2026-04-25T02:33:24.571701+00:00", "kind": "no_forecast", "msg": "unknown", "location": "NYC", "date": "2027-04-06", "metric": "high", "signal": "no_data"}
{"ts": "2026-04-25T02:37:27.830377+00:00", "kind": "no_forecast", "msg": "unknown", "location": "NYC", "date": "2027-02-13", "metric": "high", "signal": "no_data"}
{"ts": "2026-04-25T02:37:27.831029+00:00", "kind": "no_forecast", "msg": "unknown", "location": "Chicago", "date": "2027-03-25", "metric": "high", "signal": "no_data"}
{"ts": "2026-04-25T02:37:27.831196+00:00", "kind": "no_forecast", "msg": "unknown", "location": "Denver", "date": "2027-04-18", "metric": "high", "signal": "no_data"}
{"ts": "2026-04-25T02:37:27.831309+00:00", "kind": "no_forecast", "msg": "unknown", "location": "NYC", "date": "2027-04-06", "metric": "high", "signal": "no_data"}
{"ts": "2026-04-25T07:06:58.985699+00:00", "kind": "api_error", "msg": "some other error", "label": "broken", "fn": "broken"}
{"ts": "2026-04-25T07:11:23.710435+00:00", "kind": "api_error", "msg": "some other error", "label": "broken", "fn": "broken"}
{"ts": "2026-04-25T07:13:46.038431+00:00", "kind": "api_error", "msg": "some other error", "label": "broken", "fn": "broken"}
{"ts": "2026-04-25T18:33:30.120490+00:00", "kind": "no_forecast", "msg": "unknown", "location": "NYC", "date": "2027-02-13", "metric": "high", "signal": "no_data"}
{"ts": "2026-04-25T18:33:32.002522+00:00", "kind": "no_forecast", "msg": "unknown", "location": "Chicago", "date": "2027-03-25", "metric": "high", "signal": "no_data"}
{"ts": "2026-04-25T18:33:33.088107+00:00", "kind": "no_forecast", "msg": "unknown", "location": "Denver", "date": "2027-04-18", "metric": "high", "signal": "no_data"}
{"ts": "2026-04-25T18:33:35.439654+00:00", "kind": "no_forecast", "msg": "unknown", "location": "NYC", "date": "2027-04-06", "metric": "high", "signal": "no_data"}
{"ts": "2026-04-25T22:31:37.674043+00:00", "kind": "no_forecast", "msg": "unknown", "location": "NYC", "date": "2027-02-13", "metric": "high", "signal": "no_data"}
{"ts": "2026-04-25T22:31:40.448954+00:00", "kind": "no_forecast", "msg": "unknown", "location": "Chicago", "date": "2027-03-25", "metric": "high", "signal": "no_data"}
{"ts": "2026-04-25T22:31:41.541630+00:00", "kind": "no_forecast", "msg": "unknown", "location": "Denver", "date": "2027-04-18", "metric": "high", "signal": "no_data"}
{"ts": "2026-04-25T22:31:42.611285+00:00", "kind": "no_forecast", "msg": "unknown", "location": "NYC", "date": "2027-04-06", "metric": "high", "signal": "no_data"}
{"ts": "2026-04-26T02:31:12.749342+00:00", "kind": "no_forecast", "msg": "unknown", "location": "NYC", "date": "2027-02-13", "metric": "high", "signal": "no_data"}
{"ts": "2026-04-26T02:31:16.045214+00:00", "kind": "no_forecast", "msg": "unknown", "location": "Chicago", "date": "2027-03-25", "metric": "high", "signal": "no_data"}
{"ts": "2026-04-26T02:31:17.164943+00:00", "kind": "no_forecast", "msg": "unknown", "location": "Denver", "date": "2027-04-18", "metric": "high", "signal": "no_data"}
{"ts": "2026-04-26T02:31:18.177553+00:00", "kind": "no_forecast", "msg": "unknown", "location": "NYC", "date": "2027-04-06", "metric": "high", "signal": "no_data"}
{"ts": "2026-04-26T04:19:20.542929+00:00", "kind": "twc_http", "msg": "status=400", "station": "KLGA:9:US", "date": "2026-04-26"}
{"ts": "2026-04-26T04:39:22.011735+00:00", "kind": "twc_http", "msg": "status=400", "station": "KMIA:9:US", "date": "2026-04-26"}
{"ts": "2026-04-26T12:19:27.790674+00:00", "kind": "api_error", "msg": "HTTPSConnectionPool(host='api.simmer.markets', port=443): Read timed out. (read timeout=30)", "label": "portfolio", "fn": "get_portfolio"}
{"ts": "2026-04-26T12:21:09.325117+00:00", "kind": "api_error", "msg": "HTTPSConnectionPool(host='api.simmer.markets', port=443): Read timed out. (read timeout=30)", "label": "positions", "fn": "get_positions"}
{"ts": "2026-04-26T12:22:23.281436+00:00", "kind": "api_error", "msg": "HTTPSConnectionPool(host='api.simmer.markets', port=443): Read timed out. (read timeout=30)", "label": "positions", "fn": "get_positions"}
{"ts": "2026-04-27T19:09:46.337472+00:00", "kind": "no_forecast", "msg": "unknown", "location": "NYC", "date": "2027-02-13", "metric": "high", "signal": "no_data"}
{"ts": "2026-04-27T19:09:47.361087+00:00", "kind": "no_forecast", "msg": "unknown", "location": "Chicago", "date": "2027-03-25", "metric": "high", "signal": "no_data"}
{"ts": "2026-04-27T19:09:48.387942+00:00", "kind": "no_forecast", "msg": "unknown", "location": "Denver", "date": "2027-04-18", "metric": "high", "signal": "no_data"}
{"ts": "2026-04-27T19:09:49.422586+00:00", "kind": "no_forecast", "msg": "unknown", "location": "NYC", "date": "2027-04-06", "metric": "high", "signal": "no_data"}
{"ts": "2026-04-27T21:19:22.612366+00:00", "kind": "twc_http", "msg": "status=400", "station": "LTAC:9:TR", "date": "2026-04-28"}
{"ts": "2026-04-27T22:25:05.203014+00:00", "kind": "twc_http", "msg": "status=400", "station": "LIMC:9:IT", "date": "2026-04-28"}
{"ts": "2026-04-27T23:12:48.511445+00:00", "kind": "no_forecast", "msg": "unknown", "location": "NYC", "date": "2027-02-13", "metric": "high", "signal": "no_data"}
{"ts": "2026-04-27T23:12:49.532552+00:00", "kind": "no_forecast", "msg": "unknown", "location": "Chicago", "date": "2027-03-25", "metric": "high", "signal": "no_data"}
{"ts": "2026-04-27T23:12:50.548872+00:00", "kind": "no_forecast", "msg": "unknown", "location": "Denver", "date": "2027-04-18", "metric": "high", "signal": "no_data"}
{"ts": "2026-04-27T23:12:51.568077+00:00", "kind": "no_forecast", "msg": "unknown", "location": "NYC", "date": "2027-04-06", "metric": "high", "signal": "no_data"}
{"ts": "2026-04-27T23:25:35.737848+00:00", "kind": "no_forecast", "msg": "unknown", "location": "NYC", "date": "2027-02-13", "metric": "high", "signal": "no_data"}
{"ts": "2026-04-27T23:25:38.541227+00:00", "kind": "no_forecast", "msg": "unknown", "location": "Chicago", "date": "2027-03-25", "metric": "high", "signal": "no_data"}
{"ts": "2026-04-27T23:25:40.859025+00:00", "kind": "no_forecast", "msg": "unknown", "location": "Denver", "date": "2027-04-18", "metric": "high", "signal": "no_data"}
{"ts": "2026-04-27T23:25:42.066518+00:00", "kind": "no_forecast", "msg": "unknown", "location": "NYC", "date": "2027-04-06", "metric": "high", "signal": "no_data"}
{"ts": "2026-04-28T03:20:36.876421+00:00", "kind": "no_forecast", "msg": "unknown", "location": "Atlanta", "date": "2027-04-21", "metric": "high", "signal": "no_data"}
{"ts": "2026-04-28T03:20:37.998390+00:00", "kind": "no_forecast", "msg": "unknown", "location": "NYC", "date": "2027-02-13", "metric": "high", "signal": "no_data"}
{"ts": "2026-04-28T03:20:39.020601+00:00", "kind": "no_forecast", "msg": "unknown", "location": "NYC", "date": "2027-04-21", "metric": "high", "signal": "no_data"}
{"ts": "2026-04-28T03:20:40.043430+00:00", "kind": "no_forecast", "msg": "unknown", "location": "Seattle", "date": "2027-04-21", "metric": "high", "signal": "no_data"}
{"ts": "2026-04-28T03:20:41.214675+00:00", "kind": "no_forecast", "msg": "unknown", "location": "Chicago", "date": "2027-03-25", "metric": "high", "signal": "no_data"}
{"ts": "2026-04-28T03:20:42.268102+00:00", "kind": "no_forecast", "msg": "unknown", "location": "NYC", "date": "2027-04-06", "metric": "high", "signal": "no_data"}
{"ts": "2026-04-28T07:10:26.199233+00:00", "kind": "no_forecast", "msg": "unknown", "location": "Atlanta", "date": "2027-04-21", "metric": "high", "signal": "no_data"}
{"ts": "2026-04-28T07:10:28.130412+00:00", "kind": "no_forecast", "msg": "unknown", "location": "NYC", "date": "2027-02-13", "metric": "high", "signal": "no_data"}
{"ts": "2026-04-28T07:10:59.592589+00:00", "kind": "no_forecast", "msg": "unknown", "location": "NYC", "date": "2027-04-21", "metric": "high", "signal": "no_data"}
{"ts": "2026-04-28T07:11:05.619174+00:00", "kind": "no_forecast", "msg": "unknown", "location": "Seattle", "date": "2027-04-21", "metric": "high", "signal": "no_data"}
{"ts": "2026-04-28T07:11:06.650961+00:00", "kind": "no_forecast", "msg": "unknown", "location": "Chicago", "date": "2027-03-25", "metric": "high", "signal": "no_data"}
{"ts": "2026-04-28T07:11:38.139437+00:00", "kind": "no_forecast", "msg": "unknown", "location": "Denver", "date": "2027-04-18", "metric": "high", "signal": "no_data"}
{"ts": "2026-04-28T07:11:39.150476+00:00", "kind": "no_forecast", "msg": "unknown", "location": "NYC", "date": "2027-04-06", "metric": "high", "signal": "no_data"}
{"ts": "2026-04-28T07:11:48.209800+00:00", "kind": "no_forecast", "msg": "unknown", "location": "Atlanta", "date": "2027-04-21", "metric": "high", "signal": "no_data"}
{"ts": "2026-04-28T07:11:50.543084+00:00", "kind": "no_forecast", "msg": "unknown", "location": "NYC", "date": "2027-02-13", "metric": "high", "signal": "no_data"}
{"ts": "2026-04-28T07:11:51.556545+00:00", "kind": "no_forecast", "msg": "unknown", "location": "NYC", "date": "2027-04-21", "metric": "high", "signal": "no_data"}
{"ts": "2026-04-28T07:11:52.567493+00:00", "kind": "no_forecast", "msg": "unknown", "location": "Seattle", "date": "2027-04-21", "metric": "high", "signal": "no_data"}
{"ts": "2026-04-28T07:11:53.582403+00:00", "kind": "no_forecast", "msg": "unknown", "location": "Chicago", "date": "2027-03-25", "metric": "high", "signal": "no_data"}
{"ts": "2026-04-28T07:11:54.593116+00:00", "kind": "no_forecast", "msg": "unknown", "location": "Denver", "date": "2027-04-18", "metric": "high", "signal": "no_data"}
{"ts": "2026-04-28T07:11:55.590140+00:00", "kind": "no_forecast", "msg": "unknown", "location": "NYC", "date": "2027-04-06", "metric": "high", "signal": "no_data"}
{"ts": "2026-04-28T11:13:18.375317+00:00", "kind": "no_forecast", "msg": "unknown", "location": "Atlanta", "date": "2027-04-21", "metric": "high", "signal": "no_data"}
{"ts": "2026-04-28T11:13:19.560439+00:00", "kind": "no_forecast", "msg": "unknown", "location": "NYC", "date": "2027-02-13", "metric": "high", "signal": "no_data"}
{"ts": "2026-04-28T11:13:20.682521+00:00", "kind": "no_forecast", "msg": "unknown", "location": "NYC", "date": "2027-04-21", "metric": "high", "signal": "no_data"}
{"ts": "2026-04-28T11:13:22.034559+00:00", "kind": "no_forecast", "msg": "unknown", "location": "Seattle", "date": "2027-04-21", "metric": "high", "signal": "no_data"}
{"ts": "2026-04-28T11:13:23.037587+00:00", "kind": "no_forecast", "msg": "unknown", "location": "Chicago", "date": "2027-03-25", "metric": "high", "signal": "no_data"}
{"ts": "2026-04-28T11:13:24.324029+00:00", "kind": "no_forecast", "msg": "unknown", "location": "Denver", "date": "2027-04-18", "metric": "high", "signal": "no_data"}
{"ts": "2026-04-28T11:13:25.628751+00:00", "kind": "no_forecast", "msg": "unknown", "location": "NYC", "date": "2027-04-06", "metric": "high", "signal": "no_data"}
{"ts": "2026-04-28T15:01:34.775011+00:00", "kind": "no_forecast", "msg": "unknown", "location": "Atlanta", "date": "2027-04-21", "metric": "high", "signal": "no_data"}
{"ts": "2026-04-28T15:01:41.990679+00:00", "kind": "no_forecast", "msg": "unknown", "location": "NYC", "date": "2027-02-13", "metric": "high", "signal": "no_data"}
{"ts": "2026-04-28T15:01:43.047160+00:00", "kind": "no_forecast", "msg": "unknown", "location": "NYC", "date": "2027-04-21", "metric": "high", "signal": "no_data"}
{"ts": "2026-04-28T15:01:44.123119+00:00", "kind": "no_forecast", "msg": "unknown", "location": "Seattle", "date": "2027-04-21", "metric": "high", "signal": "no_data"}
{"ts": "2026-04-28T15:01:45.174409+00:00", "kind": "no_forecast", "msg": "unknown", "location": "Chicago", "date": "2027-03-25", "metric": "high", "signal": "no_data"}
{"ts": "2026-04-28T15:01:46.235309+00:00", "kind": "no_forecast", "msg": "unknown", "location": "NYC", "date": "2027-04-06", "metric": "high", "signal": "no_data"}
{"ts": "2026-04-28T15:06:26.771643+00:00", "kind": "no_forecast", "msg": "unknown", "location": "Atlanta", "date": "2027-04-21", "metric": "high", "signal": "no_data"}
{"ts": "2026-04-28T15:06:26.771852+00:00", "kind": "no_forecast", "msg": "unknown", "location": "NYC", "date": "2027-02-13", "metric": "high", "signal": "no_data"}
{"ts": "2026-04-28T15:06:26.772183+00:00", "kind": "no_forecast", "msg": "unknown", "location": "NYC", "date": "2027-04-21", "metric": "high", "signal": "no_data"}
{"ts": "2026-04-28T15:06:26.772376+00:00", "kind": "no_forecast", "msg": "unknown", "location": "Seattle", "date": "2027-04-21", "metric": "high", "signal": "no_data"}
{"ts": "2026-04-28T15:06:26.772506+00:00", "kind": "no_forecast", "msg": "unknown", "location": "Chicago", "date": "2027-03-25", "metric": "high", "signal": "no_data"}
{"ts": "2026-04-28T15:06:27.776306+00:00", "kind": "no_forecast", "msg": "unknown", "location": "Denver", "date": "2027-04-18", "metric": "high", "signal": "no_data"}
{"ts": "2026-04-28T15:06:27.776560+00:00", "kind": "no_forecast", "msg": "unknown", "location": "NYC", "date": "2027-04-06", "metric": "high", "signal": "no_data"}
{"ts": "2026-04-28T16:25:00.698990+00:00", "kind": "api_error", "msg": "some other error", "label": "broken", "fn": "broken"}
{"ts": "2026-04-29T00:51:10.114692+00:00", "kind": "no_forecast", "msg": "unknown", "location": "NYC", "date": "2027-04-22", "metric": "high", "signal": "no_data"}
{"ts": "2026-04-29T00:51:23.172832+00:00", "kind": "no_forecast", "msg": "unknown", "location": "Atlanta", "date": "2027-04-21", "metric": "high", "signal": "no_data"}
{"ts": "2026-04-29T00:51:24.219566+00:00", "kind": "no_forecast", "msg": "unknown", "location": "NYC", "date": "2027-02-13", "metric": "high", "signal": "no_data"}
{"ts": "2026-04-29T00:51:25.252347+00:00", "kind": "no_forecast", "msg": "unknown", "location": "NYC", "date": "2027-04-21", "metric": "high", "signal": "no_data"}
{"ts": "2026-04-29T00:51:26.477175+00:00", "kind": "no_forecast", "msg": "unknown", "location": "Seattle", "date": "2027-04-21", "metric": "high", "signal": "no_data"}
{"ts": "2026-04-29T00:51:58.893660+00:00", "kind": "no_forecast", "msg": "unknown", "location": "Chicago", "date": "2027-03-25", "metric": "high", "signal": "no_data"}
{"ts": "2026-04-29T00:52:00.383453+00:00", "kind": "no_forecast", "msg": "unknown", "location": "Denver", "date": "2027-04-18", "metric": "high", "signal": "no_data"}
{"ts": "2026-04-29T00:52:32.792627+00:00", "kind": "no_forecast", "msg": "unknown", "location": "NYC", "date": "2027-04-06", "metric": "high", "signal": "no_data"}
{"ts": "2026-04-29T00:52:59.747360+00:00", "kind": "no_forecast", "msg": "unknown", "location": "NYC", "date": "2027-04-22", "metric": "high", "signal": "no_data"}
{"ts": "2026-04-29T00:53:00.954601+00:00", "kind": "no_forecast", "msg": "unknown", "location": "Atlanta", "date": "2027-04-21", "metric": "high", "signal": "no_data"}
{"ts": "2026-04-29T00:53:01.984251+00:00", "kind": "no_forecast", "msg": "unknown", "location": "NYC", "date": "2027-02-13", "metric": "high", "signal": "no_data"}
{"ts": "2026-04-29T00:53:03.046899+00:00", "kind": "no_forecast", "msg": "unknown", "location": "NYC", "date": "2027-04-21", "metric": "high", "signal": "no_data"}
{"ts": "2026-04-29T00:53:04.173171+00:00", "kind": "no_forecast", "msg": "unknown", "location": "Seattle", "date": "2027-04-21", "metric": "high", "signal": "no_data"}
{"ts": "2026-04-29T00:53:05.335137+00:00", "kind": "no_forecast", "msg": "unknown", "location": "Chicago", "date": "2027-03-25", "metric": "high", "signal": "no_data"}
{"ts": "2026-04-29T00:53:06.799430+00:00", "kind": "no_forecast", "msg": "unknown", "location": "Denver", "date": "2027-04-18", "metric": "high", "signal": "no_data"}
{"ts": "2026-04-29T00:53:08.220861+00:00", "kind": "no_forecast", "msg": "unknown", "location": "NYC", "date": "2027-04-06", "metric": "high", "signal": "no_data"}
{"ts": "2026-04-29T00:55:13.888432+00:00", "kind": "no_forecast", "msg": "unknown", "location": "NYC", "date": "2027-04-22", "metric": "high", "signal": "no_data"}
{"ts": "2026-04-29T00:55:15.442124+00:00", "kind": "no_forecast", "msg": "unknown", "location": "Atlanta", "date": "2027-04-21", "metric": "high", "signal": "no_data"}
{"ts": "2026-04-29T00:55:16.929955+00:00", "kind": "no_forecast", "msg": "unknown", "location": "NYC", "date": "2027-02-13", "metric": "high", "signal": "no_data"}
{"ts": "2026-04-29T00:55:18.371305+00:00", "kind": "no_forecast", "msg": "unknown", "location": "NYC", "date": "2027-04-21", "metric": "high", "signal": "no_data"}
{"ts": "2026-04-29T00:55:19.559729+00:00", "kind": "no_forecast", "msg": "unknown", "location": "Seattle", "date": "2027-04-21", "metric": "high", "signal": "no_data"}
{"ts": "2026-04-29T00:55:51.678440+00:00", "kind": "no_forecast", "msg": "unknown", "location": "Chicago", "date": "2027-03-25", "metric": "high", "signal": "no_data"}
{"ts": "2026-04-29T00:55:53.139322+00:00", "kind": "no_forecast", "msg": "unknown", "location": "Denver", "date": "2027-04-18", "metric": "high", "signal": "no_data"}
{"ts": "2026-04-29T00:55:54.483115+00:00", "kind": "no_forecast", "msg": "unknown", "location": "NYC", "date": "2027-04-06", "metric": "high", "signal": "no_data"}
{"ts": "2026-04-29T04:48:11.813506+00:00", "kind": "no_forecast", "msg": "unknown", "location": "NYC", "date": "2027-04-22", "metric": "high", "signal": "no_data"}
{"ts": "2026-04-29T04:48:13.187997+00:00", "kind": "no_forecast", "msg": "unknown", "location": "Atlanta", "date": "2027-04-21", "metric": "high", "signal": "no_data"}
{"ts": "2026-04-29T04:48:14.289346+00:00", "kind": "no_forecast", "msg": "unknown", "location": "NYC", "date": "2027-02-13", "metric": "high", "signal": "no_data"}
{"ts": "2026-04-29T04:48:15.441934+00:00", "kind": "no_forecast", "msg": "unknown", "location": "NYC", "date": "2027-04-21", "metric": "high", "signal": "no_data"}
{"ts": "2026-04-29T04:48:16.538057+00:00", "kind": "no_forecast", "msg": "unknown", "location": "Seattle", "date": "2027-04-21", "metric": "high", "signal": "no_data"}
{"ts": "2026-04-29T04:48:17.663270+00:00", "kind": "no_forecast", "msg": "unknown", "location": "Chicago", "date": "2027-03-25", "metric": "high", "signal": "no_data"}
{"ts": "2026-04-29T04:48:18.742130+00:00", "kind": "no_forecast", "msg": "unknown", "location": "Denver", "date": "2027-04-18", "metric": "high", "signal": "no_data"}
{"ts": "2026-04-29T04:48:19.882006+00:00", "kind": "no_forecast", "msg": "unknown", "location": "NYC", "date": "2027-04-06", "metric": "high", "signal": "no_data"}
{"ts": "2026-04-29T04:51:44.416196+00:00", "kind": "no_forecast", "msg": "unknown", "location": "NYC", "date": "2027-04-22", "metric": "high", "signal": "no_data"}
{"ts": "2026-04-29T04:51:45.671141+00:00", "kind": "no_forecast", "msg": "unknown", "location": "Atlanta", "date": "2027-04-21", "metric": "high", "signal": "no_data"}
{"ts": "2026-04-29T04:52:15.916211+00:00", "kind": "no_forecast", "msg": "unknown", "location": "NYC", "date": "2027-02-13", "metric": "high", "signal": "no_data"}
{"ts": "2026-04-29T04:52:17.135249+00:00", "kind": "no_forecast", "msg": "unknown", "location": "NYC", "date": "2027-04-21", "metric": "high", "signal": "no_data"}
{"ts": "2026-04-29T04:52:18.335574+00:00", "kind": "no_forecast", "msg": "unknown", "location": "Seattle", "date": "2027-04-21", "metric": "high", "signal": "no_data"}
{"ts": "2026-04-29T04:52:19.394334+00:00", "kind": "no_forecast", "msg": "unknown", "location": "Chicago", "date": "2027-03-25", "metric": "high", "signal": "no_data"}
{"ts": "2026-04-29T04:52:20.445101+00:00", "kind": "no_forecast", "msg": "unknown", "location": "Denver", "date": "2027-04-18", "metric": "high", "signal": "no_data"}
{"ts": "2026-04-29T04:52:21.512830+00:00", "kind": "no_forecast", "msg": "unknown", "location": "NYC", "date": "2027-04-06", "metric": "high", "signal": "no_data"}
{"ts": "2026-04-29T12:53:22.221900+00:00", "kind": "no_forecast", "msg": "unknown", "location": "NYC", "date": "2027-02-13", "metric": "high", "signal": "no_data"}
{"ts": "2026-04-29T12:53:23.846839+00:00", "kind": "no_forecast", "msg": "unknown", "location": "Chicago", "date": "2027-03-25", "metric": "high", "signal": "no_data"}
{"ts": "2026-04-29T12:53:24.894440+00:00", "kind": "no_forecast", "msg": "unknown", "location": "Denver", "date": "2027-04-18", "metric": "high", "signal": "no_data"}
{"ts": "2026-04-29T12:53:26.181821+00:00", "kind": "no_forecast", "msg": "unknown", "location": "NYC", "date": "2027-04-06", "metric": "high", "signal": "no_data"}
{"ts": "2026-04-29T12:54:27.399819+00:00", "kind": "no_forecast", "msg": "unknown", "location": "NYC", "date": "2027-02-13", "metric": "high", "signal": "no_data"}
{"ts": "2026-04-29T12:54:28.443370+00:00", "kind": "no_forecast", "msg": "unknown", "location": "Chicago", "date": "2027-03-25", "metric": "high", "signal": "no_data"}
{"ts": "2026-04-29T12:54:29.483288+00:00", "kind": "no_forecast", "msg": "unknown", "location": "Denver", "date": "2027-04-18", "metric": "high", "signal": "no_data"}
{"ts": "2026-04-29T12:54:30.524825+00:00", "kind": "no_forecast", "msg": "unknown", "location": "NYC", "date": "2027-04-06", "metric": "high", "signal": "no_data"}
{"ts": "2026-04-29T13:17:42.738092+00:00", "kind": "no_forecast", "msg": "unknown", "location": "NYC", "date": "2027-02-13", "metric": "high", "signal": "no_data"}
{"ts": "2026-04-29T13:17:42.738224+00:00", "kind": "no_forecast", "msg": "unknown", "location": "Chicago", "date": "2027-03-25", "metric": "high", "signal": "no_data"}
{"ts": "2026-04-29T13:17:42.738343+00:00", "kind": "no_forecast", "msg": "unknown", "location": "Denver", "date": "2027-04-18", "metric": "high", "signal": "no_data"}
{"ts": "2026-04-29T13:17:42.738456+00:00", "kind": "no_forecast", "msg": "unknown", "location": "NYC", "date": "2027-04-06", "metric": "high", "signal": "no_data"}
{"ts": "2026-04-30T00:17:51.434772+00:00", "kind": "no_forecast", "msg": "unknown", "location": "NYC", "date": "2027-02-13", "metric": "high", "signal": "no_data"}
{"ts": "2026-04-30T00:17:53.246238+00:00", "kind": "no_forecast", "msg": "unknown", "location": "Chicago", "date": "2027-03-25", "metric": "high", "signal": "no_data"}
{"ts": "2026-04-30T00:17:54.260914+00:00", "kind": "no_forecast", "msg": "unknown", "location": "NYC", "date": "2027-04-06", "metric": "high", "signal": "no_data"}
{"ts": "2026-04-30T05:19:19.342079+00:00", "kind": "twc_http", "msg": "status=400", "station": "KAUS:9:US", "date": "2026-04-30"}
